<?xml version="1.0" encoding="utf-8"?>
<!DOCTYPE hibernate-configuration PUBLIC
        "-//Hibernate/Hibernate Configuration DTD 3.0//EN"
        "http://hibernate.sourceforge.net/hibernate-configuration-3.0.dtd">

<hibernate-configuration>
    <session-factory>
        <mapping resource="SmearResult.hbm.xml"/>
        <mapping resource="TbHivInformation.hbm.xml"/>
        <mapping resource="HivTestResult.hbm.xml"/>
        <mapping resource="DstTestResult.hbm.xml"/>
        <mapping resource="CultureResult.hbm.xml"/>
    </session-factory>
</hibernate-configuration>